2020-06-29 11:15:50,755 INFO  com.nopcommerce.commons.Commons_Register - OS name = windows 10
2020-06-29 11:16:03,895 INFO  com.nopcommerce.commons.Commons_Register - java.net.ConnectException: Failed to connect to localhost/0:0:0:0:0:0:0:1:43914
Build info: version: '3.141.59', revision: 'e82be7d358', time: '2018-11-14T08:25:53'
System info: host: 'DIEP-NGUYEN', ip: '192.168.43.172', os.name: 'Windows 10', os.arch: 'amd64', os.version: '10.0', java.version: '1.8.0_251'
Driver info: driver.version: RemoteWebDriver
2020-06-29 11:22:23,354 INFO  com.nopcommerce.login.Login_01 - Pre-condition - STEP 01: get browser driver
2020-06-29 11:22:23,361 INFO  com.nopcommerce.login.Login_01 - Pre-condition - STEP 02: open browser with specific config
2020-06-29 11:22:29,846 INFO  com.nopcommerce.login.Login_01 - Pre-condition - STEP 03: open start page
2020-06-29 11:22:42,702 INFO  com.nopcommerce.login.Login_01 - OS name = windows 10
2020-06-29 11:22:43,990 INFO  com.nopcommerce.login.Login_01 - ---------- QUIT BROWSER SUCCESS ----------
2020-06-29 11:22:43,994 INFO  com.nopcommerce.commons.Commons_Register - OS name = windows 10
2020-06-29 11:22:57,042 INFO  com.nopcommerce.commons.Commons_Register - java.net.ConnectException: Failed to connect to localhost/0:0:0:0:0:0:0:1:16726
Build info: version: '3.141.59', revision: 'e82be7d358', time: '2018-11-14T08:25:53'
System info: host: 'DIEP-NGUYEN', ip: '192.168.43.172', os.name: 'Windows 10', os.arch: 'amd64', os.version: '10.0', java.version: '1.8.0_251'
Driver info: driver.version: RemoteWebDriver
2020-06-29 11:41:19,266 INFO  com.nopcommerce.commons.Commons_Register - OS name = windows 10
2020-06-29 11:41:20,330 INFO  com.nopcommerce.commons.Commons_Register - ---------- QUIT BROWSER SUCCESS ----------
2020-06-29 12:33:32,345 INFO  com.nopcommerce.commons.Commons_Register - OS name = windows 10
2020-06-29 12:33:33,414 INFO  com.nopcommerce.commons.Commons_Register - ---------- QUIT BROWSER SUCCESS ----------
2020-06-29 12:36:12,524 INFO  com.nopcommerce.login.Login_01 - Post-condition - close browser
2020-06-29 12:36:12,525 INFO  com.nopcommerce.login.Login_01 - OS name = windows 10
2020-06-29 12:36:12,525 INFO  com.nopcommerce.login.Login_01 - 
2020-06-29 12:36:12,527 INFO  com.nopcommerce.commons.Commons_Register - OS name = windows 10
2020-06-29 12:36:13,646 INFO  com.nopcommerce.commons.Commons_Register - ---------- QUIT BROWSER SUCCESS ----------
2020-06-29 12:42:02,739 INFO  com.nopcommerce.login.Login_01 - Post-condition - close browser
2020-06-29 12:42:02,740 INFO  com.nopcommerce.login.Login_01 - OS name = windows 10
2020-06-29 12:42:02,740 INFO  com.nopcommerce.login.Login_01 - 
2020-06-29 12:42:02,741 INFO  com.nopcommerce.commons.Commons_Register - OS name = windows 10
2020-06-29 12:42:03,768 INFO  com.nopcommerce.commons.Commons_Register - ---------- QUIT BROWSER SUCCESS ----------
2020-06-29 12:42:45,551 INFO  com.nopcommerce.login.Login_01 - Post-condition - close browser
2020-06-29 12:42:45,552 INFO  com.nopcommerce.login.Login_01 - OS name = windows 10
2020-06-29 12:42:45,552 INFO  com.nopcommerce.login.Login_01 - 
2020-06-29 12:44:58,702 INFO  com.nopcommerce.login.Login_01 - Pre-condition - STEP 01: get browser driver
2020-06-29 12:44:58,705 INFO  com.nopcommerce.login.Login_01 - Pre-condition - STEP 02: open browser with specific config
2020-06-29 12:45:04,831 INFO  com.nopcommerce.login.Login_01 - Pre-condition - STEP 03: open start page
2020-06-29 12:45:14,338 INFO  com.nopcommerce.login.Login_01 - Post-condition - close browser
2020-06-29 12:45:14,338 INFO  com.nopcommerce.login.Login_01 - OS name = windows 10
2020-06-29 12:45:15,403 INFO  com.nopcommerce.login.Login_01 - ---------- QUIT BROWSER SUCCESS ----------
2020-06-29 12:45:15,405 INFO  com.nopcommerce.commons.Commons_Register - OS name = windows 10
2020-06-29 12:45:28,462 INFO  com.nopcommerce.commons.Commons_Register - java.net.ConnectException: Failed to connect to localhost/0:0:0:0:0:0:0:1:35822
Build info: version: '3.141.59', revision: 'e82be7d358', time: '2018-11-14T08:25:53'
System info: host: 'DIEP-NGUYEN', ip: '192.168.43.172', os.name: 'Windows 10', os.arch: 'amd64', os.version: '10.0', java.version: '1.8.0_251'
Driver info: driver.version: RemoteWebDriver
2020-06-29 12:59:22,116 INFO  com.nopcommerce.commons.Commons_Register - OS name = windows 10
2020-06-29 12:59:23,036 INFO  com.nopcommerce.commons.Commons_Register - ---------- QUIT BROWSER SUCCESS ----------
2020-06-29 13:01:20,819 INFO  com.nopcommerce.commons.Commons_Register - OS name = windows 10
2020-06-29 13:01:21,837 INFO  com.nopcommerce.commons.Commons_Register - ---------- QUIT BROWSER SUCCESS ----------
2020-06-29 13:36:59,454 INFO  com.nopcommerce.commons.Commons_Register - OS name = windows 10
2020-06-29 13:37:00,700 INFO  com.nopcommerce.commons.Commons_Register - ---------- QUIT BROWSER SUCCESS ----------
2020-06-29 13:42:56,314 INFO  com.nopcommerce.commons.Commons_Register - OS name = windows 10
2020-06-29 13:42:57,533 INFO  com.nopcommerce.commons.Commons_Register - ---------- QUIT BROWSER SUCCESS ----------
2020-06-29 13:49:05,890 INFO  com.nopcommerce.commons.Commons_Register - OS name = windows 10
2020-06-29 13:49:06,990 INFO  com.nopcommerce.commons.Commons_Register - ---------- QUIT BROWSER SUCCESS ----------
2020-06-29 14:22:28,429 INFO  com.nopcommerce.commons.Commons_Register - OS name = windows 10
2020-06-29 14:22:29,724 INFO  com.nopcommerce.commons.Commons_Register - ---------- QUIT BROWSER SUCCESS ----------
2020-06-29 14:23:14,365 INFO  com.nopcommerce.commons.Commons_Register - OS name = windows 10
2020-06-29 14:23:15,626 INFO  com.nopcommerce.commons.Commons_Register - ---------- QUIT BROWSER SUCCESS ----------
2020-06-29 14:25:40,117 INFO  com.nopcommerce.commons.Commons_Register - OS name = windows 10
2020-06-29 14:25:41,375 INFO  com.nopcommerce.commons.Commons_Register - ---------- QUIT BROWSER SUCCESS ----------
